<?xml version="1.0" encoding="UTF-8"?>
<!-- Generated by org.testng.reporters.JUnitReportReporter -->
<testsuite skipped="0" hostname="HW1230" name="SmokeTest.GmailLoginSmoke" tests="1" failures="0" timestamp="26 Feb 2019 13:16:34 GMT" time="75.714" errors="0">
  <testcase name="alogin" time="75.714" classname="SmokeTest.GmailLoginSmoke"/>
</testsuite> <!-- SmokeTest.GmailLoginSmoke -->
